 ******* Program HYDRUS
 ******* 
 Welcome to HYDRUS-1D                                                    
 Date:   4. 7.2023    Time:   9: 6:24
 Units: L = cm   , T = hours, M = mmol 

----------------------------------------------------------
 Time       [T]        0.0000
----------------------------------------------------------
 Sub-region num.                     1
----------------------------------------------------------
 Length   [L]        0.25000E+02  0.25000E+02
 W-volume [L]        0.91417E+01  0.91417E+01
 In-flow  [L/T]      0.00000E+00  0.00000E+00
 h Mean   [L]       -0.10000E+03 -0.10000E+03
 Top Flux [L/T]     -0.44270E+01
 Bot Flux [L/T]     -0.44270E+01
----------------------------------------------------------

----------------------------------------------------------
 Time       [T]     2256.0000
----------------------------------------------------------
 Sub-region num.                     1
----------------------------------------------------------
 Length   [L]        0.25000E+02  0.25000E+02
 W-volume [L]        0.63038E+01  0.63038E+01
 In-flow  [L/T]     -0.39231E-02 -0.39231E-02
 h Mean   [L]       -0.13149E+04 -0.13149E+04
 Top Flux [L/T]     -0.37186E-04
 Bot Flux [L/T]     -0.38402E-02
 WatBalT  [L]       -0.17081E+00
 WatBalR  [%]              0.174
----------------------------------------------------------
 
 Calculation time [sec]  0.390000030398369     
