 ******* Program HYDRUS
 ******* 
 Welcome to HYDRUS-1D                                                    
 Date:   4. 7.2023    Time:   9: 6:24
 Units: L = cm   , T = hours, M = mmol 
 
 CosAlf,MaxIt,TolTh,  TolH
 1.000   20   0.001 1.00000
 
 TopInF,BotInF,AtmBC,SinkF,WLayer,qGWLF,FreeD,SeepF,lWat,lChem,lTemp,lRoot,lWDep
     T     F     T     T     F     F     T     F     T     F     F     F     F

Nodal point information

node      x         hOld    MatN LayN  Beta      Ah       AK      ATh     Temp    Conc(1...NS)         Sorb(1...NS)

   1      0.000   -100.000    1    1   0.080    1.000    1.000    1.000
   2     -0.500   -100.000    1    1   0.078    1.000    1.000    1.000
   3     -1.000   -100.000    1    1   0.077    1.000    1.000    1.000
   4     -1.500   -100.000    1    1   0.075    1.000    1.000    1.000
   5     -2.000   -100.000    1    1   0.074    1.000    1.000    1.000
   6     -2.500   -100.000    1    1   0.072    1.000    1.000    1.000
   7     -3.000   -100.000    1    1   0.070    1.000    1.000    1.000
   8     -3.500   -100.000    1    1   0.069    1.000    1.000    1.000
   9     -4.000   -100.000    1    1   0.067    1.000    1.000    1.000
  10     -4.500   -100.000    1    1   0.066    1.000    1.000    1.000
  11     -5.000   -100.000    1    1   0.064    1.000    1.000    1.000
  12     -5.500   -100.000    1    1   0.062    1.000    1.000    1.000
  13     -6.000   -100.000    1    1   0.061    1.000    1.000    1.000
  14     -6.500   -100.000    1    1   0.059    1.000    1.000    1.000
  15     -7.000   -100.000    1    1   0.058    1.000    1.000    1.000
  16     -7.500   -100.000    1    1   0.056    1.000    1.000    1.000
  17     -8.000   -100.000    1    1   0.054    1.000    1.000    1.000
  18     -8.500   -100.000    1    1   0.053    1.000    1.000    1.000
  19     -9.000   -100.000    1    1   0.051    1.000    1.000    1.000
  20     -9.500   -100.000    1    1   0.050    1.000    1.000    1.000
  21    -10.000   -100.000    1    1   0.048    1.000    1.000    1.000
  22    -10.500   -100.000    1    1   0.046    1.000    1.000    1.000
  23    -11.000   -100.000    1    1   0.045    1.000    1.000    1.000
  24    -11.500   -100.000    1    1   0.043    1.000    1.000    1.000
  25    -12.000   -100.000    1    1   0.042    1.000    1.000    1.000
  26    -12.500   -100.000    1    1   0.040    1.000    1.000    1.000
  27    -13.000   -100.000    1    1   0.038    1.000    1.000    1.000
  28    -13.500   -100.000    1    1   0.037    1.000    1.000    1.000
  29    -14.000   -100.000    1    1   0.035    1.000    1.000    1.000
  30    -14.500   -100.000    1    1   0.034    1.000    1.000    1.000
  31    -15.000   -100.000    1    1   0.032    1.000    1.000    1.000
  32    -15.500   -100.000    1    1   0.030    1.000    1.000    1.000
  33    -16.000   -100.000    1    1   0.029    1.000    1.000    1.000
  34    -16.500   -100.000    1    1   0.027    1.000    1.000    1.000
  35    -17.000   -100.000    1    1   0.026    1.000    1.000    1.000
  36    -17.500   -100.000    1    1   0.024    1.000    1.000    1.000
  37    -18.000   -100.000    1    1   0.022    1.000    1.000    1.000
  38    -18.500   -100.000    1    1   0.021    1.000    1.000    1.000
  39    -19.000   -100.000    1    1   0.019    1.000    1.000    1.000
  40    -19.500   -100.000    1    1   0.018    1.000    1.000    1.000
  41    -20.000   -100.000    1    1   0.016    1.000    1.000    1.000
  42    -20.500   -100.000    1    1   0.014    1.000    1.000    1.000
  43    -21.000   -100.000    1    1   0.013    1.000    1.000    1.000
  44    -21.500   -100.000    1    1   0.011    1.000    1.000    1.000
  45    -22.000   -100.000    1    1   0.010    1.000    1.000    1.000
  46    -22.500   -100.000    1    1   0.008    1.000    1.000    1.000
  47    -23.000   -100.000    1    1   0.006    1.000    1.000    1.000
  48    -23.500   -100.000    1    1   0.005    1.000    1.000    1.000
  49    -24.000   -100.000    1    1   0.003    1.000    1.000    1.000
  50    -24.500   -100.000    1    1   0.002    1.000    1.000    1.000
  51    -25.000   -100.000    1    1   0.000    1.000    1.000    1.000
end

 Number of species in the chain :   0


MatNum, Param. array:

   Mat     Qr     Qs        Alfa         n          Ks      l

    1    0.185  0.404   0.870E-02   0.148E+01   0.922E+02   0.500E+00

       Table of Hydraulic Properties which are interpolated in simulation
       =================================================================

  theta         h        log h        C             K        log K          S          Kv
 
  0.4043  -0.100E-05 -0.6000E+01  0.1159E-06  0.9213E+02  0.1964E+01    1.0000  0.0000E+00
  0.4043  -0.129E-05 -0.5889E+01  0.1312E-06  0.9212E+02  0.1964E+01    1.0000  0.0000E+00
  0.4043  -0.167E-05 -0.5778E+01  0.1485E-06  0.9212E+02  0.1964E+01    1.0000  0.0000E+00
  0.4043  -0.215E-05 -0.5667E+01  0.1681E-06  0.9212E+02  0.1964E+01    1.0000  0.0000E+00
  0.4043  -0.278E-05 -0.5556E+01  0.1902E-06  0.9211E+02  0.1964E+01    1.0000  0.0000E+00
  0.4043  -0.359E-05 -0.5444E+01  0.2153E-06  0.9211E+02  0.1964E+01    1.0000  0.0000E+00
  0.4043  -0.464E-05 -0.5333E+01  0.2437E-06  0.9210E+02  0.1964E+01    1.0000  0.0000E+00
  0.4043  -0.599E-05 -0.5222E+01  0.2758E-06  0.9210E+02  0.1964E+01    1.0000  0.0000E+00
  0.4043  -0.774E-05 -0.5111E+01  0.3122E-06  0.9209E+02  0.1964E+01    1.0000  0.0000E+00
  0.4043  -0.100E-04 -0.5000E+01  0.3533E-06  0.9208E+02  0.1964E+01    1.0000  0.0000E+00
  0.4043  -0.129E-04 -0.4889E+01  0.3999E-06  0.9207E+02  0.1964E+01    1.0000  0.0000E+00
  0.4043  -0.167E-04 -0.4778E+01  0.4526E-06  0.9206E+02  0.1964E+01    1.0000  0.0000E+00
  0.4043  -0.215E-04 -0.4667E+01  0.5122E-06  0.9205E+02  0.1964E+01    1.0000  0.0000E+00
  0.4043  -0.278E-04 -0.4556E+01  0.5797E-06  0.9203E+02  0.1964E+01    1.0000  0.0000E+00
  0.4043  -0.359E-04 -0.4444E+01  0.6561E-06  0.9202E+02  0.1964E+01    1.0000  0.0000E+00
  0.4043  -0.464E-04 -0.4333E+01  0.7426E-06  0.9200E+02  0.1964E+01    1.0000  0.0000E+00
  0.4043  -0.599E-04 -0.4222E+01  0.8405E-06  0.9198E+02  0.1964E+01    1.0000  0.0000E+00
  0.4043  -0.774E-04 -0.4111E+01  0.9512E-06  0.9196E+02  0.1964E+01    1.0000  0.0000E+00
  0.4043  -0.100E-03 -0.4000E+01  0.1077E-05  0.9194E+02  0.1963E+01    1.0000  0.0000E+00
  0.4043  -0.129E-03 -0.3889E+01  0.1218E-05  0.9191E+02  0.1963E+01    1.0000  0.0000E+00
  0.4043  -0.167E-03 -0.3778E+01  0.1379E-05  0.9188E+02  0.1963E+01    1.0000  0.0000E+00
  0.4043  -0.215E-03 -0.3667E+01  0.1561E-05  0.9184E+02  0.1963E+01    1.0000  0.0000E+00
  0.4043  -0.278E-03 -0.3556E+01  0.1767E-05  0.9180E+02  0.1963E+01    1.0000  0.0000E+00
  0.4043  -0.359E-03 -0.3444E+01  0.1999E-05  0.9175E+02  0.1963E+01    1.0000  0.0000E+00
  0.4043  -0.464E-03 -0.3333E+01  0.2263E-05  0.9170E+02  0.1962E+01    1.0000  0.0000E+00
  0.4043  -0.599E-03 -0.3222E+01  0.2561E-05  0.9164E+02  0.1962E+01    1.0000  0.0000E+00
  0.4043  -0.774E-03 -0.3111E+01  0.2899E-05  0.9157E+02  0.1962E+01    1.0000  0.0000E+00
  0.4043  -0.100E-02 -0.3000E+01  0.3281E-05  0.9150E+02  0.1961E+01    1.0000  0.0000E+00
  0.4043  -0.129E-02 -0.2889E+01  0.3713E-05  0.9141E+02  0.1961E+01    1.0000  0.0000E+00
  0.4043  -0.167E-02 -0.2778E+01  0.4202E-05  0.9131E+02  0.1961E+01    1.0000  0.0000E+00
  0.4043  -0.215E-02 -0.2667E+01  0.4756E-05  0.9120E+02  0.1960E+01    1.0000  0.0000E+00
  0.4043  -0.278E-02 -0.2556E+01  0.5383E-05  0.9108E+02  0.1959E+01    1.0000  0.0000E+00
  0.4043  -0.359E-02 -0.2444E+01  0.6092E-05  0.9094E+02  0.1959E+01    1.0000  0.0000E+00
  0.4043  -0.464E-02 -0.2333E+01  0.6895E-05  0.9078E+02  0.1958E+01    1.0000  0.5542E-32
  0.4043  -0.599E-02 -0.2222E+01  0.7804E-05  0.9060E+02  0.1957E+01    1.0000  0.5542E-32
  0.4043  -0.774E-02 -0.2111E+01  0.8833E-05  0.9039E+02  0.1956E+01    1.0000  0.5586E-31
  0.4043  -0.100E-01 -0.2000E+01  0.9997E-05  0.9016E+02  0.1955E+01    1.0000  0.5586E-31
  0.4043  -0.129E-01 -0.1889E+01  0.1131E-04  0.8990E+02  0.1954E+01    1.0000  0.2158E-30
  0.4043  -0.167E-01 -0.1778E+01  0.1281E-04  0.8961E+02  0.1952E+01    1.0000  0.1185E-29
  0.4043  -0.215E-01 -0.1667E+01  0.1449E-04  0.8928E+02  0.1951E+01    1.0000  0.3636E-29
  0.4043  -0.278E-01 -0.1556E+01  0.1640E-04  0.8890E+02  0.1949E+01    1.0000  0.1194E-28
  0.4043  -0.359E-01 -0.1444E+01  0.1856E-04  0.8848E+02  0.1947E+01    1.0000  0.4613E-28
  0.4043  -0.464E-01 -0.1333E+01  0.2101E-04  0.8800E+02  0.1944E+01    1.0000  0.1653E-27
  0.4043  -0.599E-01 -0.1222E+01  0.2378E-04  0.8746E+02  0.1942E+01    1.0000  0.5765E-27
  0.4043  -0.774E-01 -0.1111E+01  0.2691E-04  0.8685E+02  0.1939E+01    1.0000  0.2076E-26
  0.4043  -0.100E+00 -0.1000E+01  0.3046E-04  0.8616E+02  0.1935E+01    1.0000  0.7467E-26
  0.4043  -0.129E+00 -0.8889E+00  0.3447E-04  0.8539E+02  0.1931E+01    1.0000  0.2659E-25
  0.4043  -0.167E+00 -0.7778E+00  0.3902E-04  0.8452E+02  0.1927E+01    1.0000  0.9290E-25
  0.4043  -0.215E+00 -0.6667E+00  0.4416E-04  0.8353E+02  0.1922E+01    1.0000  0.3299E-24
  0.4043  -0.278E+00 -0.5556E+00  0.4997E-04  0.8243E+02  0.1916E+01    1.0000  0.1166E-23
  0.4043  -0.359E+00 -0.4444E+00  0.5656E-04  0.8119E+02  0.1909E+01    0.9999  0.4164E-23
  0.4043  -0.464E+00 -0.3333E+00  0.6400E-04  0.7979E+02  0.1902E+01    0.9999  0.1473E-22
  0.4043  -0.599E+00 -0.2222E+00  0.7242E-04  0.7823E+02  0.1893E+01    0.9999  0.5216E-22
  0.4043  -0.774E+00 -0.1111E+00  0.8195E-04  0.7648E+02  0.1884E+01    0.9998  0.1847E-21
  0.4042  -0.100E+01  0.0000E+00  0.9271E-04  0.7452E+02  0.1872E+01    0.9997  0.6551E-21
  0.4042  -0.129E+01  0.1111E+00  0.1049E-03  0.7234E+02  0.1859E+01    0.9996  0.2320E-20
  0.4042  -0.167E+01  0.2222E+00  0.1186E-03  0.6991E+02  0.1845E+01    0.9994  0.8208E-20
  0.4041  -0.215E+01  0.3333E+00  0.1341E-03  0.6720E+02  0.1827E+01    0.9991  0.2905E-19
  0.4040  -0.278E+01  0.4444E+00  0.1515E-03  0.6421E+02  0.1808E+01    0.9987  0.1027E-18
  0.4039  -0.359E+01  0.5556E+00  0.1711E-03  0.6091E+02  0.1785E+01    0.9981  0.3625E-18
  0.4037  -0.464E+01  0.6667E+00  0.1929E-03  0.5728E+02  0.1758E+01    0.9972  0.1278E-17
  0.4034  -0.599E+01  0.7778E+00  0.2172E-03  0.5332E+02  0.1727E+01    0.9960  0.4489E-17
  0.4030  -0.774E+01  0.8889E+00  0.2440E-03  0.4903E+02  0.1690E+01    0.9941  0.1572E-16
  0.4024  -0.100E+02  0.1000E+01  0.2731E-03  0.4443E+02  0.1648E+01    0.9914  0.5470E-16
  0.4016  -0.129E+02  0.1111E+01  0.3043E-03  0.3954E+02  0.1597E+01    0.9876  0.1888E-15
  0.4004  -0.167E+02  0.1222E+01  0.3366E-03  0.3444E+02  0.1537E+01    0.9821  0.6443E-15
  0.3987  -0.215E+02  0.1333E+01  0.3688E-03  0.2921E+02  0.1466E+01    0.9742  0.2162E-14
  0.3962  -0.278E+02  0.1444E+01  0.3985E-03  0.2400E+02  0.1380E+01    0.9632  0.7089E-14
  0.3929  -0.359E+02  0.1556E+01  0.4226E-03  0.1898E+02  0.1278E+01    0.9479  0.2251E-13
  0.3884  -0.464E+02  0.1667E+01  0.4374E-03  0.1434E+02  0.1157E+01    0.9273  0.6852E-13
  0.3824  -0.599E+02  0.1778E+01  0.4387E-03  0.1029E+02  0.1012E+01    0.9002  0.1973E-12
  0.3749  -0.774E+02  0.1889E+01  0.4236E-03  0.6963E+01  0.8428E+00    0.8657  0.5307E-12
  0.3657  -0.100E+03  0.2000E+01  0.3915E-03  0.4427E+01  0.6461E+00    0.8236  0.1316E-11
  0.3549  -0.129E+03  0.2111E+01  0.3452E-03  0.2642E+01  0.4219E+00    0.7746  0.2981E-11
  0.3430  -0.167E+03  0.2222E+01  0.2904E-03  0.1484E+01  0.1714E+00    0.7200  0.6135E-11
  0.3303  -0.215E+03  0.2333E+01  0.2337E-03  0.7892E+00 -0.1028E+00    0.6622  0.1148E-10
  0.3174  -0.278E+03  0.2444E+01  0.1810E-03  0.4006E+00 -0.3973E+00    0.6032  0.1963E-10
  0.3047  -0.359E+03  0.2556E+01  0.1357E-03  0.1958E+00 -0.7081E+00    0.5451  0.3094E-10
  0.2925  -0.464E+03  0.2667E+01  0.9927E-04  0.9295E-01 -0.1032E+01    0.4896  0.4541E-10
  0.2812  -0.599E+03  0.2778E+01  0.7123E-04  0.4317E-01 -0.1365E+01    0.4377  0.6270E-10
  0.2707  -0.774E+03  0.2889E+01  0.5040E-04  0.1973E-01 -0.1705E+01    0.3900  0.8227E-10
  0.2612  -0.100E+04  0.3000E+01  0.3530E-04  0.8911E-02 -0.2050E+01    0.3465  0.1034E-09
  0.2526  -0.129E+04  0.3111E+01  0.2455E-04  0.3993E-02 -0.2399E+01    0.3074  0.1255E-09
  0.2450  -0.167E+04  0.3222E+01  0.1698E-04  0.1779E-02 -0.2750E+01    0.2724  0.1479E-09
  0.2381  -0.215E+04  0.3333E+01  0.1171E-04  0.7895E-03 -0.3103E+01    0.2411  0.1702E-09
  0.2320  -0.278E+04  0.3444E+01  0.8054E-05  0.3494E-03 -0.3457E+01    0.2133  0.1917E-09
  0.2266  -0.359E+04  0.3556E+01  0.5530E-05  0.1543E-03 -0.3812E+01    0.1887  0.2124E-09
  0.2218  -0.464E+04  0.3667E+01  0.3792E-05  0.6809E-04 -0.4167E+01    0.1668  0.2319E-09
  0.2176  -0.599E+04  0.3778E+01  0.2599E-05  0.3001E-04 -0.4523E+01    0.1474  0.2501E-09
  0.2138  -0.774E+04  0.3889E+01  0.1780E-05  0.1322E-04 -0.4879E+01    0.1303  0.2669E-09
  0.2105  -0.100E+05  0.4000E+01  0.1219E-05  0.5821E-05 -0.5235E+01    0.1152  0.2823E-09
  0.2076  -0.129E+05  0.4111E+01  0.8342E-06  0.2562E-05 -0.5591E+01    0.1018  0.2962E-09
  0.2050  -0.167E+05  0.4222E+01  0.5709E-06  0.1128E-05 -0.5948E+01    0.0899  0.3085E-09
  0.2027  -0.215E+05  0.4333E+01  0.3907E-06  0.4962E-06 -0.6304E+01    0.0795  0.3194E-09
  0.2007  -0.278E+05  0.4444E+01  0.2673E-06  0.2183E-06 -0.6661E+01    0.0702  0.3287E-09
  0.1989  -0.359E+05  0.4556E+01  0.1829E-06  0.9605E-07 -0.7017E+01    0.0620  0.3365E-09
  0.1973  -0.464E+05  0.4667E+01  0.1251E-06  0.4226E-07 -0.7374E+01    0.0548  0.3426E-09
  0.1959  -0.599E+05  0.4778E+01  0.8560E-07  0.1859E-07 -0.7731E+01    0.0484  0.3469E-09
  0.1947  -0.774E+05  0.4889E+01  0.5856E-07  0.8179E-08 -0.8087E+01    0.0428  0.3494E-09
  0.1936  -0.100E+06  0.5000E+01  0.4006E-07  0.3598E-08 -0.8444E+01    0.0378  0.3497E-09
end
