 ******* Program HYDRUS
 ******* 
 Welcome to HYDRUS-1D                                                    
 Date:   3. 7.2023    Time:  15:59:56
 Units: L = cm   , T = hours, M = mmol 

----------------------------------------------------------
 Time       [T]        0.0000
----------------------------------------------------------
 Sub-region num.                     1
----------------------------------------------------------
 Length   [L]        0.25000E+02  0.25000E+02
 W-volume [L]        0.80662E+01  0.80662E+01
 In-flow  [L/T]      0.00000E+00  0.00000E+00
 h Mean   [L]       -0.10000E+03 -0.10000E+03
 Top Flux [L/T]     -0.29174E+02
 Bot Flux [L/T]     -0.29174E+02
----------------------------------------------------------

----------------------------------------------------------
 Time       [T]     2256.0000
----------------------------------------------------------
 Sub-region num.                     1
----------------------------------------------------------
 Length   [L]        0.25000E+02  0.25000E+02
 W-volume [L]        0.35926E+01  0.35926E+01
 In-flow  [L/T]     -0.37054E-02 -0.37054E-02
 h Mean   [L]       -0.21960E+04 -0.21960E+04
 Top Flux [L/T]     -0.79980E-06
 Bot Flux [L/T]     -0.36490E-02
 WatBalT  [L]       -0.22873E+00
 WatBalR  [%]              0.174
----------------------------------------------------------
 
 Calculation time [sec]  6.999999284744263E-002
